<?xml version="1.0" encoding="UTF-8"?>
<!-- Generated by org.testng.reporters.JUnitXMLReporter -->
<testsuite ignored="0" hostname="DESKTOP-M9LBF94" failures="1" tests="2" name="OrderTest" time="36.867" errors="0" timestamp="2025-07-27T14:54:57 IST">
  <testcase classname="namratadata.SeleniumFrameworkDesign.SubmitOrderTest" name="submitOrder" time="14.89"/>
  <testcase classname="namratadata.SeleniumFrameworkDesign.SubmitOrderTest" name="submitOrder" time="0.79">
    <failure type="java.lang.NullPointerException" message="Cannot invoke &amp;quot;org.openqa.selenium.WebElement.findElement(org.openqa.selenium.By)&amp;quot; because the return value of &amp;quot;namratadata.SeleniumFrameworkDesign.ProductCatalogue.getProductName(String)&amp;quot; is null">
      <![CDATA[java.lang.NullPointerException: Cannot invoke "org.openqa.selenium.WebElement.findElement(org.openqa.selenium.By)" because the return value of "namratadata.SeleniumFrameworkDesign.ProductCatalogue.getProductName(String)" is null
at namratadata.SeleniumFrameworkDesign.ProductCatalogue.addToCart(ProductCatalogue.java:40)
at namratadata.SeleniumFrameworkDesign.SubmitOrderTest.submitOrder(SubmitOrderTest.java:19)
at java.base/java.util.ArrayList.forEach(ArrayList.java:1511)
... Removed 27 stack frames]]>
    </failure>
  </testcase> <!-- submitOrder -->
</testsuite> <!-- OrderTest -->
