<?xml version="1.0" encoding="UTF-8"?>
<!-- Generated by org.testng.reporters.JUnitXMLReporter -->
<testsuite ignored="0" hostname="DESKTOP-M9LBF94" failures="2" tests="2" name="Test" time="0.306" errors="0" timestamp="2025-07-27T14:31:02 IST">
  <testcase classname="namratadata.SeleniumFrameworkDesign.SubmitOrderTest" name="submitOrder" time="0.006">
    <failure type="java.lang.NullPointerException" message="Cannot invoke &amp;quot;namratadata.SeleniumFrameworkDesign.LandingPage.loginWithinPage(String, String)&amp;quot; because &amp;quot;this.landingPage&amp;quot; is null">
      <![CDATA[java.lang.NullPointerException: Cannot invoke "namratadata.SeleniumFrameworkDesign.LandingPage.loginWithinPage(String, String)" because "this.landingPage" is null
at namratadata.SeleniumFrameworkDesign.SubmitOrderTest.submitOrder(SubmitOrderTest.java:18)
at java.base/java.util.ArrayList.forEach(ArrayList.java:1511)
... Removed 27 stack frames]]>
    </failure>
  </testcase> <!-- submitOrder -->
  <testcase classname="namratadata.SeleniumFrameworkDesign.SubmitOrderTest" name="submitOrder" time="0.002">
    <failure type="java.lang.NullPointerException" message="Cannot invoke &amp;quot;namratadata.SeleniumFrameworkDesign.LandingPage.loginWithinPage(String, String)&amp;quot; because &amp;quot;this.landingPage&amp;quot; is null">
      <![CDATA[java.lang.NullPointerException: Cannot invoke "namratadata.SeleniumFrameworkDesign.LandingPage.loginWithinPage(String, String)" because "this.landingPage" is null
at namratadata.SeleniumFrameworkDesign.SubmitOrderTest.submitOrder(SubmitOrderTest.java:18)
at java.base/java.util.ArrayList.forEach(ArrayList.java:1511)
... Removed 27 stack frames]]>
    </failure>
  </testcase> <!-- submitOrder -->
</testsuite> <!-- Test -->
